#
# A fatal error has been detected by the Java Runtime Environment:
#
#  SIGSEGV (0xb) at pc=0x000000010d4272d7, pid=11992, tid=0x000000000000e407
#
# JRE version: Java(TM) SE Runtime Environment (8.0_121-b13) (build 1.8.0_121-b13)
# Java VM: Java HotSpot(TM) 64-Bit Server VM (25.121-b13 mixed mode bsd-amd64 compressed oops)
# Problematic frame:
# C  [libawt_lwawt.dylib+0x1c2d7]  OGLSD_SetScratchSurface+0x49
#
# Failed to write core dump. Core dumps have been disabled. To enable core dumping, try "ulimit -c unlimited" before starting Java again
#
# If you would like to submit a bug report, please visit:
#   http://bugreport.java.com/bugreport/crash.jsp
# The crash happened outside the Java Virtual Machine in native code.
# See problematic frame for where to report the bug.
#

---------------  T H R E A D  ---------------

Current thread (0x00007fcb7f986800):  JavaThread "Java2D Queue Flusher" daemon [_thread_in_native, id=58375, stack(0x000070000f69f000,0x000070000f79f000)]

siginfo: si_signo: 11 (SIGSEGV), si_code: 1 (SEGV_MAPERR), si_addr: 0x0000000000000002

Registers:
RAX=0x000000010d492300, RBX=0x0000000000000002, RCX=0x000000010d448698, RDX=0x0000000000000000
RSP=0x000070000f79e730, RBP=0x000070000f79e750, RSI=0x00007fcb7d65cf60, RDI=0x00007fcb7f9869f8
R8 =0x000000010f430077, R9 =0x0000001000000000, R10=0xffff3fffffffffff, R11=0xffff900190f7cea4
R12=0x0000000000000000, R13=0x000070000f79e8e8, R14=0x00007fcb7f9869f8, R15=0x00007fcb7eb14dd0
RIP=0x000000010d4272d7, EFLAGS=0x0000000000010202, ERR=0x0000000000000004
  TRAPNO=0x000000000000000e

Top of Stack: (sp=0x000070000f79e730)
0x000070000f79e730:   00007fcb7d65cf60 0000000000000000
0x000070000f79e740:   00007fcb7f9874d8 00007fcb7eb14dd0
0x000070000f79e750:   000070000f79e7d0 000000010d447e4e
0x000070000f79e760:   00007fcb7e96f100 0000000200000001
0x000070000f79e770:   0000000000000000 000070000f79e800
0x000070000f79e780:   0000000000000000 0000000000000000
0x000070000f79e790:   000070000f79e7d0 00007fcb7f9874e8
0x000070000f79e7a0:   0000000000986800 00007fcb7f9869f8
0x000070000f79e7b0:   00000001a7356678 0000000000000000
0x000070000f79e7c0:   000070000f79e968 00007fcb7f986800
0x000070000f79e7d0:   000070000f79e820 000000010fec75ea
0x000070000f79e7e0:   000000076eb02e10 0000000106f3745c
0x000070000f79e7f0:   0000000000000064 0000000000000000
0x000070000f79e800:   0000000000000064 00007fcb7e96ea28
0x000070000f79e810:   000070000f79e870 0000000106d4f494
0x000070000f79e820:   000070000f79e940 000000010fec897c
0x000070000f79e830:   0000000000000001 00007fcb7e96f8e0
0x000070000f79e840:   000000076eb30000 00007fcb7f986800
0x000070000f79e850:   00007fcb7f986800 00000001092b9a00
0x000070000f79e860:   000070000f79e968 00007fcb7f986800
0x000070000f79e870:   000070000f79e8c0 000000010fe44668
0x000070000f79e880:   000000076eb02e10 000000010fe87466
0x000070000f79e890:   000070000f79e940 00000001101b019c
0x000070000f79e8a0:   ffffffffffffffff 00000001096d88f8
0x000070000f79e8b0:   00000001096d96f8 00000001a7356658
0x000070000f79e8c0:   000070000f79e940 000000010fbd22bd
0x000070000f79e8d0:   000070000f79e940 000000010fbd22bd
0x000070000f79e8e0:   000000010fbd22bd 000000076eb02e10
0x000070000f79e8f0:   0000000000000001 000000076eb30000
0x000070000f79e900:   000070000f79e8f0 00000001096dc121
0x000070000f79e910:   000070000f79e968 00000001096dcb30
0x000070000f79e920:   0000000000000000 00000001096dc228 

Instructions: (pc=0x000000010d4272d7)
0x000000010d4272b7:   c0 e9 82 00 00 00 48 8b 5e 10 48 85 db 75 0e bf
0x000000010d4272c7:   01 00 00 00 48 8d 15 0a 7e 03 00 eb d6 49 89 fe
0x000000010d4272d7:   4c 8b 3b 30 c0 e8 d9 a8 02 00 49 8b 3f 49 89 c4
0x000000010d4272e7:   48 8b 35 d2 03 06 00 30 c0 e8 e5 a9 02 00 48 85 

Register to memory mapping:

RAX=0x000000010d492300: previousOp+0 in /Library/Java/JavaVirtualMachines/jdk1.8.0_121.jdk/Contents/Home/jre/lib/libawt_lwawt.dylib at 0x000000010d40b000
RBX=0x0000000000000002 is an unknown value
RCX=0x000000010d448698: OGLRenderQueue_CheckPreviousOp+0x13e in /Library/Java/JavaVirtualMachines/jdk1.8.0_121.jdk/Contents/Home/jre/lib/libawt_lwawt.dylib at 0x000000010d40b000
RDX=0x0000000000000000 is an unknown value
RSP=0x000070000f79e730 is pointing into the stack for thread: 0x00007fcb7f986800
RBP=0x000070000f79e750 is pointing into the stack for thread: 0x00007fcb7f986800
RSI=0x00007fcb7d65cf60 is an unknown value
RDI=0x00007fcb7f9869f8 is an unknown value
R8 =0x000000010f430077: glrIntelEndPrimitiveBuffer+0 in /System/Library/Extensions/AppleIntelHD5000GraphicsGLDriver.bundle/Contents/MacOS/AppleIntelHD5000GraphicsGLDriver at 0x000000010f34a000
R9 =0x0000001000000000 is an unknown value
R10=0xffff3fffffffffff is an unknown value
R11=0xffff900190f7cea4 is an unknown value
R12=0x0000000000000000 is an unknown value
R13=0x000070000f79e8e8 is pointing into the stack for thread: 0x00007fcb7f986800
R14=0x00007fcb7f9869f8 is an unknown value
R15=0x00007fcb7eb14dd0 is an unknown value


Stack: [0x000070000f69f000,0x000070000f79f000],  sp=0x000070000f79e730,  free space=1021k
Native frames: (J=compiled Java code, j=interpreted, Vv=VM code, C=native code)
C  [libawt_lwawt.dylib+0x1c2d7]  OGLSD_SetScratchSurface+0x49
C  [libawt_lwawt.dylib+0x3ce4e]  Java_sun_java2d_opengl_OGLRenderQueue_flushBuffer+0x63a
J 892  sun.java2d.opengl.OGLRenderQueue.flushBuffer(JI)V (0 bytes) @ 0x000000010fec75ea [0x000000010fec7540+0xaa]
J 885 C1 sun.java2d.opengl.OGLRenderQueue.flushBuffer()V (41 bytes) @ 0x000000010fec897c [0x000000010fec8720+0x25c]
J 1611 C1 sun.java2d.opengl.OGLRenderQueue.access$100(Lsun/java2d/opengl/OGLRenderQueue;)V (5 bytes) @ 0x00000001101b019c [0x00000001101b0140+0x5c]
j  sun.java2d.opengl.OGLRenderQueue$QueueFlusher.run()V+81
v  ~StubRoutines::call_stub
V  [libjvm.dylib+0x2ed9d6]  JavaCalls::call_helper(JavaValue*, methodHandle*, JavaCallArguments*, Thread*)+0x6ae
V  [libjvm.dylib+0x2ee164]  JavaCalls::call_virtual(JavaValue*, KlassHandle, Symbol*, Symbol*, JavaCallArguments*, Thread*)+0x164
V  [libjvm.dylib+0x2ee310]  JavaCalls::call_virtual(JavaValue*, Handle, KlassHandle, Symbol*, Symbol*, Thread*)+0x4a
V  [libjvm.dylib+0x348a5d]  thread_entry(JavaThread*, Thread*)+0x7c
V  [libjvm.dylib+0x56ab0f]  JavaThread::thread_main_inner()+0x9b
V  [libjvm.dylib+0x56c1fc]  JavaThread::run()+0x1c2
V  [libjvm.dylib+0x48a5b2]  java_start(Thread*)+0xf6
C  [libsystem_pthread.dylib+0x393b]  _pthread_body+0xb4
C  [libsystem_pthread.dylib+0x3887]  _pthread_body+0x0
C  [libsystem_pthread.dylib+0x308d]  thread_start+0xd
C  0x0000000000000000

Java frames: (J=compiled Java code, j=interpreted, Vv=VM code)
J 892  sun.java2d.opengl.OGLRenderQueue.flushBuffer(JI)V (0 bytes) @ 0x000000010fec7578 [0x000000010fec7540+0x38]
J 885 C1 sun.java2d.opengl.OGLRenderQueue.flushBuffer()V (41 bytes) @ 0x000000010fec897c [0x000000010fec8720+0x25c]
J 1611 C1 sun.java2d.opengl.OGLRenderQueue.access$100(Lsun/java2d/opengl/OGLRenderQueue;)V (5 bytes) @ 0x00000001101b019c [0x00000001101b0140+0x5c]
j  sun.java2d.opengl.OGLRenderQueue$QueueFlusher.run()V+81
v  ~StubRoutines::call_stub

---------------  P R O C E S S  ---------------

Java Threads: ( => current thread )
  0x00007fcb81051000 JavaThread "Thread-7" [_thread_blocked, id=37139, stack(0x000070000feba000,0x000070000ffba000)]
  0x00007fcb7d95c800 JavaThread "Thread-5" [_thread_blocked, id=63599, stack(0x000070000f493000,0x000070000f593000)]
  0x00007fcb7f29a800 JavaThread "DestroyJavaVM" [_thread_blocked, id=7171, stack(0x000070000dfd4000,0x000070000e0d4000)]
  0x00007fcb7d8e3800 JavaThread "AWT-EventQueue-0" [_thread_blocked, id=66067, stack(0x000070000fdb7000,0x000070000feb7000)]
  0x00007fcb7f9b6000 JavaThread "Thread-3" [_thread_in_Java, id=62467, stack(0x000070000fbae000,0x000070000fcae000)]
  0x00007fcb7f9b5000 JavaThread "Thread-2" [_thread_blocked, id=61955, stack(0x000070000faab000,0x000070000fbab000)]
  0x00007fcb7f9aa000 JavaThread "Thread-1" [_thread_blocked, id=61443, stack(0x000070000f9a8000,0x000070000faa8000)]
  0x00007fcb7f9a9800 JavaThread "Thread-0" [_thread_blocked, id=60935, stack(0x000070000f8a5000,0x000070000f9a5000)]
  0x00007fcb7f1e7000 JavaThread "Java2D Disposer" daemon [_thread_blocked, id=60431, stack(0x000070000f7a2000,0x000070000f8a2000)]
=>0x00007fcb7f986800 JavaThread "Java2D Queue Flusher" daemon [_thread_in_native, id=58375, stack(0x000070000f69f000,0x000070000f79f000)]
  0x00007fcb7d89c000 JavaThread "AWT-Shutdown" [_thread_blocked, id=32287, stack(0x000070000f390000,0x000070000f490000)]
  0x00007fcb7f8d7000 JavaThread "AppKit Thread" daemon [_thread_in_native, id=775, stack(0x00007fff59be0000,0x00007fff5a3e0000)]
  0x00007fcb7f859000 JavaThread "Service Thread" daemon [_thread_blocked, id=21251, stack(0x000070000f107000,0x000070000f207000)]
  0x00007fcb7f042000 JavaThread "C1 CompilerThread3" daemon [_thread_blocked, id=20739, stack(0x000070000f004000,0x000070000f104000)]
  0x00007fcb7f035800 JavaThread "C2 CompilerThread2" daemon [_thread_blocked, id=20227, stack(0x000070000ef01000,0x000070000f001000)]
  0x00007fcb7e009000 JavaThread "C2 CompilerThread1" daemon [_thread_in_native, id=19715, stack(0x000070000edfe000,0x000070000eefe000)]
  0x00007fcb7f80d800 JavaThread "C2 CompilerThread0" daemon [_thread_blocked, id=19203, stack(0x000070000ecfb000,0x000070000edfb000)]
  0x00007fcb7f004000 JavaThread "Signal Dispatcher" daemon [_thread_blocked, id=18691, stack(0x000070000ebf8000,0x000070000ecf8000)]
  0x00007fcb7e037800 JavaThread "Finalizer" daemon [_thread_blocked, id=14595, stack(0x000070000eaf5000,0x000070000ebf5000)]
  0x00007fcb7e034800 JavaThread "Reference Handler" daemon [_thread_blocked, id=14083, stack(0x000070000e9f2000,0x000070000eaf2000)]

Other Threads:
  0x00007fcb7e032000 VMThread [stack: 0x000070000e8ef000,0x000070000e9ef000] [id=13571]
  0x00007fcb7e046000 WatcherThread [stack: 0x000070000f20a000,0x000070000f30a000] [id=21763]

VM state:not at safepoint (normal execution)

VM Mutex/Monitor currently owned by a thread: None

Heap:
 PSYoungGen      total 76288K, used 4949K [0x000000076ab00000, 0x0000000770000000, 0x00000007c0000000)
  eden space 65536K, 3% used [0x000000076ab00000,0x000000076ad8d888,0x000000076eb00000)
  from space 10752K, 21% used [0x000000076eb00000,0x000000076ed47df0,0x000000076f580000)
  to   space 10752K, 0% used [0x000000076f580000,0x000000076f580000,0x0000000770000000)
 ParOldGen       total 175104K, used 40K [0x00000006c0000000, 0x00000006cab00000, 0x000000076ab00000)
  object space 175104K, 0% used [0x00000006c0000000,0x00000006c000a000,0x00000006cab00000)
 Metaspace       used 10031K, capacity 10290K, committed 10496K, reserved 1058816K
  class space    used 1152K, capacity 1247K, committed 1280K, reserved 1048576K

Card table byte_map: [0x0000000107d62000,0x0000000108563000] byte_map_base: 0x0000000104762000

Marking Bits: (ParMarkBitMap*) 0x00000001072f0d30
 Begin Bits: [0x000000011ebca000, 0x0000000122bca000)
 End Bits:   [0x0000000122bca000, 0x0000000126bca000)

Polling page: 0x00000001058e0000

CodeCache: size=245760Kb used=6278Kb max_used=6282Kb free=239481Kb
 bounds [0x000000010fbca000, 0x00000001101fa000, 0x000000011ebca000]
 total_blobs=2128 nmethods=1637 adapters=405
 compilation: enabled

Compilation events (10 events):
Event: 56.691 Thread 0x00007fcb7f80d800 1634       4       sun.java2d.SunGraphics2D::fixRectangleOrientation (97 bytes)
Event: 56.693 Thread 0x00007fcb7f80d800 nmethod 1634 0x00000001101c22d0 code [0x00000001101c2460, 0x00000001101c2638]
Event: 56.707 Thread 0x00007fcb7f035800 1635       4       java.awt.geom.Rectangle2D$Double::getBounds2D (24 bytes)
Event: 56.707 Thread 0x00007fcb7f80d800 1636       4       java.awt.Rectangle::setRect (135 bytes)
Event: 56.709 Thread 0x00007fcb7f035800 nmethod 1635 0x00000001101d7150 code [0x00000001101d72a0, 0x00000001101d7398]
Event: 56.719 Thread 0x00007fcb7f035800 1637       4       sun.java2d.SunGraphics2D::getClipBounds (102 bytes)
Event: 56.722 Thread 0x00007fcb7f80d800 nmethod 1636 0x00000001101e2b50 code [0x00000001101e2dc0, 0x00000001101e37d8]
Event: 56.733 Thread 0x00007fcb7f035800 nmethod 1637 0x00000001101eac90 code [0x00000001101eaea0, 0x00000001101eb3f0]
Event: 56.923 Thread 0x00007fcb7f042000 1638       3       java.lang.Thread::interrupted (8 bytes)
Event: 56.924 Thread 0x00007fcb7f042000 nmethod 1638 0x00000001101e2790 code [0x00000001101e2900, 0x00000001101e2a88]

GC Heap History (6 events):
Event: 20.933 GC heap before
{Heap before GC invocations=1 (full 0):
 PSYoungGen      total 76288K, used 65536K [0x000000076ab00000, 0x0000000770000000, 0x00000007c0000000)
  eden space 65536K, 100% used [0x000000076ab00000,0x000000076eb00000,0x000000076eb00000)
  from space 10752K, 0% used [0x000000076f580000,0x000000076f580000,0x0000000770000000)
  to   space 10752K, 0% used [0x000000076eb00000,0x000000076eb00000,0x000000076f580000)
 ParOldGen       total 175104K, used 0K [0x00000006c0000000, 0x00000006cab00000, 0x000000076ab00000)
  object space 175104K, 0% used [0x00000006c0000000,0x00000006c0000000,0x00000006cab00000)
 Metaspace       used 9725K, capacity 9906K, committed 10240K, reserved 1058816K
  class space    used 1114K, capacity 1183K, committed 1280K, reserved 1048576K
Event: 20.939 GC heap after
Heap after GC invocations=1 (full 0):
 PSYoungGen      total 76288K, used 2281K [0x000000076ab00000, 0x0000000770000000, 0x00000007c0000000)
  eden space 65536K, 0% used [0x000000076ab00000,0x000000076ab00000,0x000000076eb00000)
  from space 10752K, 21% used [0x000000076eb00000,0x000000076ed3a588,0x000000076f580000)
  to   space 10752K, 0% used [0x000000076f580000,0x000000076f580000,0x0000000770000000)
 ParOldGen       total 175104K, used 24K [0x00000006c0000000, 0x00000006cab00000, 0x000000076ab00000)
  object space 175104K, 0% used [0x00000006c0000000,0x00000006c0006000,0x00000006cab00000)
 Metaspace       used 9725K, capacity 9906K, committed 10240K, reserved 1058816K
  class space    used 1114K, capacity 1183K, committed 1280K, reserved 1048576K
}
Event: 32.660 GC heap before
{Heap before GC invocations=2 (full 0):
 PSYoungGen      total 76288K, used 67817K [0x000000076ab00000, 0x0000000770000000, 0x00000007c0000000)
  eden space 65536K, 100% used [0x000000076ab00000,0x000000076eb00000,0x000000076eb00000)
  from space 10752K, 21% used [0x000000076eb00000,0x000000076ed3a588,0x000000076f580000)
  to   space 10752K, 0% used [0x000000076f580000,0x000000076f580000,0x0000000770000000)
 ParOldGen       total 175104K, used 24K [0x00000006c0000000, 0x00000006cab00000, 0x000000076ab00000)
  object space 175104K, 0% used [0x00000006c0000000,0x00000006c0006000,0x00000006cab00000)
 Metaspace       used 9889K, capacity 10130K, committed 10240K, reserved 1058816K
  class space    used 1137K, capacity 1215K, committed 1280K, reserved 1048576K
Event: 32.666 GC heap after
Heap after GC invocations=2 (full 0):
 PSYoungGen      total 76288K, used 2281K [0x000000076ab00000, 0x0000000770000000, 0x00000007c0000000)
  eden space 65536K, 0% used [0x000000076ab00000,0x000000076ab00000,0x000000076eb00000)
  from space 10752K, 21% used [0x000000076f580000,0x000000076f7ba588,0x0000000770000000)
  to   space 10752K, 0% used [0x000000076eb00000,0x000000076eb00000,0x000000076f580000)
 ParOldGen       total 175104K, used 32K [0x00000006c0000000, 0x00000006cab00000, 0x000000076ab00000)
  object space 175104K, 0% used [0x00000006c0000000,0x00000006c0008000,0x00000006cab00000)
 Metaspace       used 9889K, capacity 10130K, committed 10240K, reserved 1058816K
  class space    used 1137K, capacity 1215K, committed 1280K, reserved 1048576K
}
Event: 57.167 GC heap before
{Heap before GC invocations=3 (full 0):
 PSYoungGen      total 76288K, used 67817K [0x000000076ab00000, 0x0000000770000000, 0x00000007c0000000)
  eden space 65536K, 100% used [0x000000076ab00000,0x000000076eb00000,0x000000076eb00000)
  from space 10752K, 21% used [0x000000076f580000,0x000000076f7ba588,0x0000000770000000)
  to   space 10752K, 0% used [0x000000076eb00000,0x000000076eb00000,0x000000076f580000)
 ParOldGen       total 175104K, used 32K [0x00000006c0000000, 0x00000006cab00000, 0x000000076ab00000)
  object space 175104K, 0% used [0x00000006c0000000,0x00000006c0008000,0x00000006cab00000)
 Metaspace       used 10031K, capacity 10290K, committed 10496K, reserved 1058816K
  class space    used 1152K, capacity 1247K, committed 1280K, reserved 1048576K
Event: 57.182 GC heap after
Heap after GC invocations=3 (full 0):
 PSYoungGen      total 76288K, used 2335K [0x000000076ab00000, 0x0000000770000000, 0x00000007c0000000)
  eden space 65536K, 0% used [0x000000076ab00000,0x000000076ab00000,0x000000076eb00000)
  from space 10752K, 21% used [0x000000076eb00000,0x000000076ed47df0,0x000000076f580000)
  to   space 10752K, 0% used [0x000000076f580000,0x000000076f580000,0x0000000770000000)
 ParOldGen       total 175104K, used 40K [0x00000006c0000000, 0x00000006cab00000, 0x000000076ab00000)
  object space 175104K, 0% used [0x00000006c0000000,0x00000006c000a000,0x00000006cab00000)
 Metaspace       used 10031K, capacity 10290K, committed 10496K, reserved 1058816K
  class space    used 1152K, capacity 1247K, committed 1280K, reserved 1048576K
}

Deoptimization events (10 events):
Event: 54.259 Thread 0x00007fcb7f8d7000 Uncommon trap: reason=class_check action=maybe_recompile pc=0x000000011016a8a4 method=sun.java2d.opengl.OGLBlitLoops.IsoBlit(Lsun/java2d/SurfaceData;Lsun/java2d/SurfaceData;Ljava/awt/image/BufferedImage;Ljava/awt/image/BufferedImageOp;Ljava/awt/Composite;
Event: 54.264 Thread 0x00007fcb7d8e3800 Uncommon trap: reason=unstable_if action=reinterpret pc=0x00000001101841e8 method=sun.java2d.SunGraphics2D.validatePipe()V @ 7
Event: 54.267 Thread 0x00007fcb7d8e3800 Uncommon trap: reason=unstable_if action=reinterpret pc=0x000000011003965c method=sun.java2d.SunGraphics2D.setDevClip(IIII)V @ 8
Event: 54.270 Thread 0x00007fcb7d8e3800 Uncommon trap: reason=unstable_if action=reinterpret pc=0x000000011018fb20 method=sun.awt.image.SurfaceManager.getCacheData(Ljava/lang/Object;)Ljava/lang/Object; @ 4
Event: 54.310 Thread 0x00007fcb7d8e3800 Uncommon trap: reason=class_check action=maybe_recompile pc=0x000000011013ed6c method=javax.swing.RepaintManager$4.run()Ljava/lang/Void; @ 27
Event: 54.310 Thread 0x00007fcb7d8e3800 Uncommon trap: reason=unstable_if action=reinterpret pc=0x000000010ffbb864 method=java.awt.geom.AffineTransform.updateState()V @ 95
Event: 54.311 Thread 0x00007fcb7d8e3800 Uncommon trap: reason=bimorphic action=maybe_recompile pc=0x000000011014303c method=sun.java2d.SunGraphics2D.transformShape(Ljava/awt/geom/AffineTransform;Ljava/awt/Shape;)Ljava/awt/Shape; @ 35
Event: 54.311 Thread 0x00007fcb7d8e3800 Uncommon trap: reason=class_check action=maybe_recompile pc=0x00000001101446d0 method=javax.swing.JComponent.paintComponent(Ljava/awt/Graphics;)V @ 26
Event: 54.312 Thread 0x00007fcb7d8e3800 Uncommon trap: reason=bimorphic action=maybe_recompile pc=0x00000001100233c0 method=sun.java2d.SunGraphics2D.transformShape(Ljava/awt/geom/AffineTransform;Ljava/awt/Shape;)Ljava/awt/Shape; @ 35
Event: 54.325 Thread 0x00007fcb7d8e3800 Uncommon trap: reason=unstable_if action=reinterpret pc=0x0000000110189f88 method=sun.awt.image.SurfaceManager.getCacheData(Ljava/lang/Object;)Ljava/lang/Object; @ 4

Internal exceptions (10 events):
Event: 0.181 Thread 0x00007fcb7d800000 Exception <a 'java/security/PrivilegedActionException'> (0x000000076ab8cfb0) thrown at [/Users/java_re/workspace/8-2-build-macosx-x86_64/jdk8u121/8372/hotspot/src/share/vm/prims/jvm.cpp, line 1390]
Event: 0.182 Thread 0x00007fcb7d800000 Exception <a 'java/security/PrivilegedActionException'> (0x000000076ab902e0) thrown at [/Users/java_re/workspace/8-2-build-macosx-x86_64/jdk8u121/8372/hotspot/src/share/vm/prims/jvm.cpp, line 1390]
Event: 0.182 Thread 0x00007fcb7d800000 Exception <a 'java/security/PrivilegedActionException'> (0x000000076ab904f0) thrown at [/Users/java_re/workspace/8-2-build-macosx-x86_64/jdk8u121/8372/hotspot/src/share/vm/prims/jvm.cpp, line 1390]
Event: 0.263 Thread 0x00007fcb7d800000 Exception <a 'java/lang/NoSuchFieldError': method resolution failed> (0x000000076ada51b0) thrown at [/Users/java_re/workspace/8-2-build-macosx-x86_64/jdk8u121/8372/hotspot/src/share/vm/prims/methodHandles.cpp, line 1146]
Event: 0.266 Thread 0x00007fcb7d800000 Exception <a 'java/lang/NoSuchFieldError': method resolution failed> (0x000000076adb2980) thrown at [/Users/java_re/workspace/8-2-build-macosx-x86_64/jdk8u121/8372/hotspot/src/share/vm/prims/methodHandles.cpp, line 1146]
Event: 0.635 Thread 0x00007fcb7d800000 Exception <a 'java/io/FileNotFoundException'> (0x000000076ae2dc50) thrown at [/Users/java_re/workspace/8-2-build-macosx-x86_64/jdk8u121/8372/hotspot/src/share/vm/prims/jni.cpp, line 709]
Event: 0.635 Thread 0x00007fcb7d800000 Exception <a 'java/io/FileNotFoundException'> (0x000000076ae2e7d8) thrown at [/Users/java_re/workspace/8-2-build-macosx-x86_64/jdk8u121/8372/hotspot/src/share/vm/prims/jni.cpp, line 709]
Event: 20.942 Thread 0x00007fcb7e037800 Exception <a 'java/lang/NullPointerException'> (0x000000076ae15c78) thrown at [/Users/java_re/workspace/8-2-build-macosx-x86_64/jdk8u121/8372/hotspot/src/share/vm/interpreter/linkResolver.cpp, line 1178]
Event: 54.141 Thread 0x00007fcb7d8e3800 Implicit null exception at 0x000000011008943f to 0x000000011008a75d
Event: 54.152 Thread 0x00007fcb7f8d7000 Implicit null exception at 0x000000010fee89ec to 0x000000010fee8bc5

Events (10 events):
Event: 54.311 Thread 0x00007fcb7d8e3800 DEOPT PACKING pc=0x00000001101446d0 sp=0x000070000feb43f0
Event: 54.311 Thread 0x00007fcb7d8e3800 DEOPT UNPACKING pc=0x000000010fbcf229 sp=0x000070000feb4418 mode 2
Event: 54.312 Thread 0x00007fcb7d8e3800 Uncommon trap: trap_request=0xffffffc6 fr.pc=0x00000001100233c0
Event: 54.312 Thread 0x00007fcb7d8e3800 DEOPT PACKING pc=0x00000001100233c0 sp=0x000070000feb3fe0
Event: 54.312 Thread 0x00007fcb7d8e3800 DEOPT UNPACKING pc=0x000000010fbcf229 sp=0x000070000feb3fa8 mode 2
Event: 54.325 Thread 0x00007fcb7d8e3800 Uncommon trap: trap_request=0xffffff65 fr.pc=0x0000000110189f88
Event: 54.325 Thread 0x00007fcb7d8e3800 DEOPT PACKING pc=0x0000000110189f88 sp=0x000070000feb40e0
Event: 54.325 Thread 0x00007fcb7d8e3800 DEOPT UNPACKING pc=0x000000010fbcf229 sp=0x000070000feb3f28 mode 2
Event: 57.167 Executing VM operation: ParallelGCFailedAllocation
Event: 57.182 Executing VM operation: ParallelGCFailedAllocation done


Dynamic libraries:
0x000000001ac3c000 	/System/Library/Frameworks/Cocoa.framework/Versions/A/Cocoa
0x000000001ac3c000 	/System/Library/Frameworks/Security.framework/Versions/A/Security
0x000000001ac3c000 	/System/Library/Frameworks/ApplicationServices.framework/Versions/A/ApplicationServices
0x000000001ac3c000 	/usr/lib/libz.1.dylib
0x000000001ac3c000 	/usr/lib/libSystem.B.dylib
0x000000001ac3c000 	/usr/lib/libobjc.A.dylib
0x000000001ac3c000 	/System/Library/Frameworks/CoreFoundation.framework/Versions/A/CoreFoundation
0x000000001ac3c000 	/System/Library/Frameworks/Foundation.framework/Versions/C/Foundation
0x000000001ac3c000 	/System/Library/Frameworks/AppKit.framework/Versions/C/AppKit
0x000000001ac3c000 	/System/Library/Frameworks/CoreData.framework/Versions/A/CoreData
0x000000001ac3c000 	/System/Library/PrivateFrameworks/RemoteViewServices.framework/Versions/A/RemoteViewServices
0x000000001ac3c000 	/System/Library/PrivateFrameworks/UIFoundation.framework/Versions/A/UIFoundation
0x000000001ac3c000 	/System/Library/PrivateFrameworks/DFRFoundation.framework/Versions/A/DFRFoundation
0x000000001ac3c000 	/usr/lib/libenergytrace.dylib
0x000000001ac3c000 	/System/Library/PrivateFrameworks/SkyLight.framework/Versions/A/SkyLight
0x000000001ac3c000 	/System/Library/Frameworks/CoreGraphics.framework/Versions/A/CoreGraphics
0x000000001ac3c000 	/usr/lib/libScreenReader.dylib
0x000000001ac3c000 	/System/Library/Frameworks/Accelerate.framework/Versions/A/Accelerate
0x000000001ac3c000 	/System/Library/Frameworks/IOSurface.framework/Versions/A/IOSurface
0x000000001ac3c000 	/System/Library/Frameworks/AudioToolbox.framework/Versions/A/AudioToolbox
0x000000001ac3c000 	/System/Library/Frameworks/AudioUnit.framework/Versions/A/AudioUnit
0x000000001ac3c000 	/System/Library/PrivateFrameworks/DataDetectorsCore.framework/Versions/A/DataDetectorsCore
0x000000001ac3c000 	/System/Library/PrivateFrameworks/DesktopServicesPriv.framework/Versions/A/DesktopServicesPriv
0x000000001ac3c000 	/System/Library/Frameworks/Carbon.framework/Versions/A/Frameworks/HIToolbox.framework/Versions/A/HIToolbox
0x000000001ac3c000 	/usr/lib/libicucore.A.dylib
0x000000001ac3c000 	/System/Library/Frameworks/QuartzCore.framework/Versions/A/QuartzCore
0x000000001ac3c000 	/System/Library/Frameworks/Carbon.framework/Versions/A/Frameworks/SpeechRecognition.framework/Versions/A/SpeechRecognition
0x000000001ac3c000 	/usr/lib/libauto.dylib
0x000000001ac3c000 	/usr/lib/libxml2.2.dylib
0x000000001ac3c000 	/System/Library/PrivateFrameworks/CoreUI.framework/Versions/A/CoreUI
0x000000001ac3c000 	/System/Library/Frameworks/CoreAudio.framework/Versions/A/CoreAudio
0x000000001ac3c000 	/System/Library/Frameworks/DiskArbitration.framework/Versions/A/DiskArbitration
0x000000001ac3c000 	/usr/lib/liblangid.dylib
0x000000001ac3c000 	/System/Library/PrivateFrameworks/MultitouchSupport.framework/Versions/A/MultitouchSupport
0x000000001ac3c000 	/System/Library/Frameworks/IOKit.framework/Versions/A/IOKit
0x000000001ac3c000 	/usr/lib/libDiagnosticMessagesClient.dylib
0x000000001ac3c000 	/System/Library/Frameworks/CoreServices.framework/Versions/A/CoreServices
0x000000001ac3c000 	/System/Library/PrivateFrameworks/PerformanceAnalysis.framework/Versions/A/PerformanceAnalysis
0x000000001ac3c000 	/System/Library/PrivateFrameworks/GenerationalStorage.framework/Versions/A/GenerationalStorage
0x000000001ac3c000 	/System/Library/Frameworks/OpenGL.framework/Versions/A/OpenGL
0x000000001ac3c000 	/System/Library/Frameworks/CoreImage.framework/Versions/A/CoreImage
0x000000001ac3c000 	/System/Library/Frameworks/CoreText.framework/Versions/A/CoreText
0x000000001ac3c000 	/System/Library/Frameworks/ImageIO.framework/Versions/A/ImageIO
0x000000001ac3c000 	/System/Library/PrivateFrameworks/Backup.framework/Versions/A/Backup
0x000000001ac3c000 	/usr/lib/libarchive.2.dylib
0x000000001ac3c000 	/System/Library/Frameworks/CFNetwork.framework/Versions/A/CFNetwork
0x000000001ac3c000 	/System/Library/Frameworks/SystemConfiguration.framework/Versions/A/SystemConfiguration
0x000000001ac3c000 	/usr/lib/libCRFSuite.dylib
0x000000001ac3c000 	/usr/lib/libc++.1.dylib
0x000000001ac3c000 	/usr/lib/libc++abi.dylib
0x000000001ac3c000 	/usr/lib/system/libcache.dylib
0x000000001ac3c000 	/usr/lib/system/libcommonCrypto.dylib
0x000000001ac3c000 	/usr/lib/system/libcompiler_rt.dylib
0x000000001ac3c000 	/usr/lib/system/libcopyfile.dylib
0x000000001ac3c000 	/usr/lib/system/libcorecrypto.dylib
0x000000001ac3c000 	/usr/lib/system/libdispatch.dylib
0x000000001ac3c000 	/usr/lib/system/libdyld.dylib
0x000000001ac3c000 	/usr/lib/system/libkeymgr.dylib
0x000000001ac3c000 	/usr/lib/system/liblaunch.dylib
0x000000001ac3c000 	/usr/lib/system/libmacho.dylib
0x000000001ac3c000 	/usr/lib/system/libquarantine.dylib
0x000000001ac3c000 	/usr/lib/system/libremovefile.dylib
0x000000001ac3c000 	/usr/lib/system/libsystem_asl.dylib
0x000000001ac3c000 	/usr/lib/system/libsystem_blocks.dylib
0x000000001ac3c000 	/usr/lib/system/libsystem_c.dylib
0x000000001ac3c000 	/usr/lib/system/libsystem_configuration.dylib
0x000000001ac3c000 	/usr/lib/system/libsystem_coreservices.dylib
0x000000001ac3c000 	/usr/lib/system/libsystem_coretls.dylib
0x000000001ac3c000 	/usr/lib/system/libsystem_dnssd.dylib
0x000000001ac3c000 	/usr/lib/system/libsystem_info.dylib
0x000000001ac3c000 	/usr/lib/system/libsystem_kernel.dylib
0x000000001ac3c000 	/usr/lib/system/libsystem_m.dylib
0x000000001ac3c000 	/usr/lib/system/libsystem_malloc.dylib
0x000000001ac3c000 	/usr/lib/system/libsystem_network.dylib
0x000000001ac3c000 	/usr/lib/system/libsystem_networkextension.dylib
0x000000001ac3c000 	/usr/lib/system/libsystem_notify.dylib
0x000000001ac3c000 	/usr/lib/system/libsystem_platform.dylib
0x000000001ac3c000 	/usr/lib/system/libsystem_pthread.dylib
0x000000001ac3c000 	/usr/lib/system/libsystem_sandbox.dylib
0x000000001ac3c000 	/usr/lib/system/libsystem_secinit.dylib
0x000000001ac3c000 	/usr/lib/system/libsystem_symptoms.dylib
0x000000001ac3c000 	/usr/lib/system/libsystem_trace.dylib
0x000000001ac3c000 	/usr/lib/system/libunwind.dylib
0x000000001ac3c000 	/usr/lib/system/libxpc.dylib
0x000000001ac3c000 	/usr/lib/libbsm.0.dylib
0x000000001ac3c000 	/usr/lib/system/libkxld.dylib
0x000000001ac3c000 	/usr/lib/libcoretls.dylib
0x000000001ac3c000 	/usr/lib/libcoretls_cfhelpers.dylib
0x000000001ac3c000 	/usr/lib/libOpenScriptingUtil.dylib
0x000000001ac3c000 	/usr/lib/libpam.2.dylib
0x000000001ac3c000 	/usr/lib/libsqlite3.dylib
0x000000001ac3c000 	/usr/lib/libxar.1.dylib
0x000000001ac3c000 	/usr/lib/libbz2.1.0.dylib
0x000000001ac3c000 	/usr/lib/liblzma.5.dylib
0x000000001ac3c000 	/usr/lib/libnetwork.dylib
0x000000001ac3c000 	/usr/lib/libpcap.A.dylib
0x000000001ac3c000 	/System/Library/Frameworks/CoreServices.framework/Versions/A/Frameworks/FSEvents.framework/Versions/A/FSEvents
0x000000001ac3c000 	/System/Library/Frameworks/CoreServices.framework/Versions/A/Frameworks/CarbonCore.framework/Versions/A/CarbonCore
0x000000001ac3c000 	/System/Library/Frameworks/CoreServices.framework/Versions/A/Frameworks/Metadata.framework/Versions/A/Metadata
0x000000001ac3c000 	/System/Library/Frameworks/CoreServices.framework/Versions/A/Frameworks/OSServices.framework/Versions/A/OSServices
0x000000001ac3c000 	/System/Library/Frameworks/CoreServices.framework/Versions/A/Frameworks/SearchKit.framework/Versions/A/SearchKit
0x000000001ac3c000 	/System/Library/Frameworks/CoreServices.framework/Versions/A/Frameworks/AE.framework/Versions/A/AE
0x000000001ac3c000 	/System/Library/Frameworks/CoreServices.framework/Versions/A/Frameworks/LaunchServices.framework/Versions/A/LaunchServices
0x000000001ac3c000 	/System/Library/Frameworks/CoreServices.framework/Versions/A/Frameworks/DictionaryServices.framework/Versions/A/DictionaryServices
0x000000001ac3c000 	/System/Library/Frameworks/CoreServices.framework/Versions/A/Frameworks/SharedFileList.framework/Versions/A/SharedFileList
0x000000001ac3c000 	/System/Library/Frameworks/NetFS.framework/Versions/A/NetFS
0x000000001ac3c000 	/System/Library/PrivateFrameworks/NetAuth.framework/Versions/A/NetAuth
0x000000001ac3c000 	/System/Library/PrivateFrameworks/login.framework/Versions/A/Frameworks/loginsupport.framework/Versions/A/loginsupport
0x000000001ac3c000 	/System/Library/PrivateFrameworks/TCC.framework/Versions/A/TCC
0x000000001ac3c000 	/usr/lib/libmecabra.dylib
0x000000001ac3c000 	/System/Library/Frameworks/ApplicationServices.framework/Versions/A/Frameworks/ATS.framework/Versions/A/ATS
0x000000001ac3c000 	/System/Library/Frameworks/ApplicationServices.framework/Versions/A/Frameworks/ColorSync.framework/Versions/A/ColorSync
0x000000001ac3c000 	/System/Library/Frameworks/ApplicationServices.framework/Versions/A/Frameworks/HIServices.framework/Versions/A/HIServices
0x000000001ac3c000 	/System/Library/Frameworks/ApplicationServices.framework/Versions/A/Frameworks/LangAnalysis.framework/Versions/A/LangAnalysis
0x000000001ac3c000 	/System/Library/Frameworks/ApplicationServices.framework/Versions/A/Frameworks/PrintCore.framework/Versions/A/PrintCore
0x000000001ac3c000 	/System/Library/Frameworks/ApplicationServices.framework/Versions/A/Frameworks/QD.framework/Versions/A/QD
0x000000001ac3c000 	/System/Library/Frameworks/ApplicationServices.framework/Versions/A/Frameworks/SpeechSynthesis.framework/Versions/A/SpeechSynthesis
0x000000001ac3c000 	/System/Library/Frameworks/Accelerate.framework/Versions/A/Frameworks/vImage.framework/Versions/A/vImage
0x000000001ac3c000 	/System/Library/Frameworks/Accelerate.framework/Versions/A/Frameworks/vecLib.framework/Versions/A/vecLib
0x000000001ac3c000 	/System/Library/Frameworks/Accelerate.framework/Versions/A/Frameworks/vecLib.framework/Versions/A/libvDSP.dylib
0x000000001ac3c000 	/System/Library/Frameworks/Accelerate.framework/Versions/A/Frameworks/vecLib.framework/Versions/A/libBNNS.dylib
0x000000001ac3c000 	/System/Library/Frameworks/Accelerate.framework/Versions/A/Frameworks/vecLib.framework/Versions/A/libQuadrature.dylib
0x000000001ac3c000 	/System/Library/Frameworks/Accelerate.framework/Versions/A/Frameworks/vecLib.framework/Versions/A/libvMisc.dylib
0x000000001ac3c000 	/System/Library/Frameworks/Accelerate.framework/Versions/A/Frameworks/vecLib.framework/Versions/A/libLAPACK.dylib
0x000000001ac3c000 	/System/Library/Frameworks/Accelerate.framework/Versions/A/Frameworks/vecLib.framework/Versions/A/libBLAS.dylib
0x000000001ac3c000 	/System/Library/Frameworks/Accelerate.framework/Versions/A/Frameworks/vecLib.framework/Versions/A/libLinearAlgebra.dylib
0x000000001ac3c000 	/System/Library/Frameworks/Accelerate.framework/Versions/A/Frameworks/vecLib.framework/Versions/A/libSparseBLAS.dylib
0x000000001ac3c000 	/System/Library/Frameworks/ApplicationServices.framework/Versions/A/Frameworks/ATS.framework/Versions/A/Resources/libFontParser.dylib
0x000000001ac3c000 	/System/Library/Frameworks/ApplicationServices.framework/Versions/A/Frameworks/ATS.framework/Versions/A/Resources/libFontRegistry.dylib
0x000000001ac3c000 	/System/Library/Frameworks/ImageIO.framework/Versions/A/Resources/libJPEG.dylib
0x000000001ac3c000 	/System/Library/Frameworks/ImageIO.framework/Versions/A/Resources/libTIFF.dylib
0x000000001ac3c000 	/System/Library/Frameworks/ImageIO.framework/Versions/A/Resources/libPng.dylib
0x000000001ac3c000 	/System/Library/Frameworks/ImageIO.framework/Versions/A/Resources/libGIF.dylib
0x000000001ac3c000 	/System/Library/Frameworks/ImageIO.framework/Versions/A/Resources/libJP2.dylib
0x000000001ac3c000 	/System/Library/Frameworks/ImageIO.framework/Versions/A/Resources/libRadiance.dylib
0x000000001ac3c000 	/usr/lib/libcompression.dylib
0x000000001ac3c000 	/System/Library/PrivateFrameworks/AppleJPEG.framework/Versions/A/AppleJPEG
0x000000001ac3c000 	/usr/lib/libcups.2.dylib
0x000000001ac3c000 	/System/Library/Frameworks/Kerberos.framework/Versions/A/Kerberos
0x000000001ac3c000 	/System/Library/Frameworks/GSS.framework/Versions/A/GSS
0x000000001ac3c000 	/usr/lib/libresolv.9.dylib
0x000000001ac3c000 	/usr/lib/libiconv.2.dylib
0x000000001ac3c000 	/System/Library/PrivateFrameworks/Heimdal.framework/Versions/A/Heimdal
0x000000001ac3c000 	/usr/lib/libheimdal-asn1.dylib
0x000000001ac3c000 	/System/Library/Frameworks/OpenDirectory.framework/Versions/A/OpenDirectory
0x000000001ac3c000 	/System/Library/PrivateFrameworks/CommonAuth.framework/Versions/A/CommonAuth
0x000000001ac3c000 	/System/Library/Frameworks/OpenDirectory.framework/Versions/A/Frameworks/CFOpenDirectory.framework/Versions/A/CFOpenDirectory
0x000000001ac3c000 	/System/Library/Frameworks/SecurityFoundation.framework/Versions/A/SecurityFoundation
0x000000001ac3c000 	/System/Library/PrivateFrameworks/LanguageModeling.framework/Versions/A/LanguageModeling
0x000000001ac3c000 	/usr/lib/libmarisa.dylib
0x000000001ac3c000 	/usr/lib/libChineseTokenizer.dylib
0x000000001ac3c000 	/usr/lib/libcmph.dylib
0x000000001ac3c000 	/System/Library/PrivateFrameworks/CoreEmoji.framework/Versions/A/CoreEmoji
0x000000001ac3c000 	/System/Library/Frameworks/ServiceManagement.framework/Versions/A/ServiceManagement
0x000000001ac3c000 	/usr/lib/libxslt.1.dylib
0x000000001ac3c000 	/System/Library/Frameworks/Carbon.framework/Versions/A/Frameworks/Ink.framework/Versions/A/Ink
0x000000001ac3c000 	/System/Library/PrivateFrameworks/TextureIO.framework/Versions/A/TextureIO
0x000000001ac3c000 	/System/Library/Frameworks/Metal.framework/Versions/A/Metal
0x000000001ac3c000 	/usr/lib/libate.dylib
0x000000001ac3c000 	/System/Library/PrivateFrameworks/GPUCompiler.framework/libmetal_timestamp.dylib
0x000000001ac3c000 	/System/Library/Frameworks/OpenGL.framework/Versions/A/Libraries/libCoreFSCache.dylib
0x000000001ac3c000 	/System/Library/PrivateFrameworks/IOAccelerator.framework/Versions/A/IOAccelerator
0x000000001ac3c000 	/System/Library/Frameworks/CoreVideo.framework/Versions/A/CoreVideo
0x000000001ac3c000 	/usr/lib/libFosl_dynamic.dylib
0x000000001ac3c000 	/System/Library/PrivateFrameworks/MetalPerformanceShaders.framework/Versions/A/MetalPerformanceShaders
0x000000001ac3c000 	/System/Library/PrivateFrameworks/FaceCore.framework/Versions/A/FaceCore
0x000000001ac3c000 	/System/Library/Frameworks/OpenCL.framework/Versions/A/OpenCL
0x000000001ac3c000 	/System/Library/Frameworks/OpenGL.framework/Versions/A/Libraries/libGLU.dylib
0x000000001ac3c000 	/System/Library/Frameworks/OpenGL.framework/Versions/A/Libraries/libGFXShared.dylib
0x000000001ac3c000 	/System/Library/Frameworks/OpenGL.framework/Versions/A/Libraries/libGL.dylib
0x000000001ac3c000 	/System/Library/Frameworks/OpenGL.framework/Versions/A/Libraries/libGLImage.dylib
0x000000001ac3c000 	/System/Library/Frameworks/OpenGL.framework/Versions/A/Libraries/libCVMSPluginSupport.dylib
0x000000001ac3c000 	/System/Library/Frameworks/OpenGL.framework/Versions/A/Libraries/libCoreVMClient.dylib
0x000000001ac3c000 	/System/Library/PrivateFrameworks/CrashReporterSupport.framework/Versions/A/CrashReporterSupport
0x000000001ac3c000 	/System/Library/PrivateFrameworks/Sharing.framework/Versions/A/Sharing
0x000000001ac3c000 	/System/Library/PrivateFrameworks/IconServices.framework/Versions/A/IconServices
0x000000001ac3c000 	/System/Library/PrivateFrameworks/ProtocolBuffer.framework/Versions/A/ProtocolBuffer
0x000000001ac3c000 	/System/Library/PrivateFrameworks/Apple80211.framework/Versions/A/Apple80211
0x000000001ac3c000 	/System/Library/Frameworks/CoreWLAN.framework/Versions/A/CoreWLAN
0x000000001ac3c000 	/System/Library/PrivateFrameworks/CoreUtils.framework/Versions/A/CoreUtils
0x000000001ac3c000 	/System/Library/Frameworks/IOBluetooth.framework/Versions/A/IOBluetooth
0x000000001ac3c000 	/System/Library/PrivateFrameworks/CoreWiFi.framework/Versions/A/CoreWiFi
0x000000001ac3c000 	/System/Library/Frameworks/CoreBluetooth.framework/Versions/A/CoreBluetooth
0x000000001ac3c000 	/System/Library/Frameworks/CoreDisplay.framework/Versions/A/CoreDisplay
0x000000001ac3c000 	/System/Library/PrivateFrameworks/IOPresentment.framework/Versions/A/IOPresentment
0x000000001ac3c000 	/System/Library/PrivateFrameworks/DSExternalDisplay.framework/Versions/A/DSExternalDisplay
0x000000001ac3c000 	/System/Library/PrivateFrameworks/DebugSymbols.framework/Versions/A/DebugSymbols
0x000000001ac3c000 	/System/Library/PrivateFrameworks/CoreSymbolication.framework/Versions/A/CoreSymbolication
0x000000001ac3c000 	/System/Library/PrivateFrameworks/Symbolication.framework/Versions/A/Symbolication
0x000000001ac3c000 	/System/Library/PrivateFrameworks/AppleFSCompression.framework/Versions/A/AppleFSCompression
0x000000001ac3c000 	/System/Library/PrivateFrameworks/SpeechRecognitionCore.framework/Versions/A/SpeechRecognitionCore
0x000000001ac3c000 	/System/Library/PrivateFrameworks/ChunkingLibrary.framework/Versions/A/ChunkingLibrary
0x0000000106a00000 	/Library/Java/JavaVirtualMachines/jdk1.8.0_121.jdk/Contents/Home/jre/lib/server/libjvm.dylib
0x000000001ac3c000 	/usr/lib/libstdc++.6.dylib
0x000000010589d000 	/Library/Java/JavaVirtualMachines/jdk1.8.0_121.jdk/Contents/Home/jre/lib/libverify.dylib
0x00000001058ab000 	/Library/Java/JavaVirtualMachines/jdk1.8.0_121.jdk/Contents/Home/jre/lib/libjava.dylib
0x00000001058ea000 	/Library/Java/JavaVirtualMachines/jdk1.8.0_121.jdk/Contents/Home/jre/lib/libzip.dylib
0x000000010b965000 	/System/Library/Frameworks/JavaVM.framework/Frameworks/JavaRuntimeSupport.framework/JavaRuntimeSupport
0x00000001059e7000 	/System/Library/Frameworks/JavaVM.framework/Versions/A/Frameworks/JavaNativeFoundation.framework/Versions/A/JavaNativeFoundation
0x000000010b97f000 	/System/Library/Frameworks/JavaVM.framework/Versions/A/JavaVM
0x000000001ac3c000 	/System/Library/Frameworks/Carbon.framework/Versions/A/Carbon
0x000000010b98c000 	/System/Library/PrivateFrameworks/JavaLaunching.framework/Versions/A/JavaLaunching
0x000000001ac3c000 	/System/Library/Frameworks/Carbon.framework/Versions/A/Frameworks/CommonPanels.framework/Versions/A/CommonPanels
0x000000001ac3c000 	/System/Library/Frameworks/Carbon.framework/Versions/A/Frameworks/Help.framework/Versions/A/Help
0x000000001ac3c000 	/System/Library/Frameworks/Carbon.framework/Versions/A/Frameworks/ImageCapture.framework/Versions/A/ImageCapture
0x000000001ac3c000 	/System/Library/Frameworks/Carbon.framework/Versions/A/Frameworks/OpenScripting.framework/Versions/A/OpenScripting
0x000000001ac3c000 	/System/Library/Frameworks/Carbon.framework/Versions/A/Frameworks/Print.framework/Versions/A/Print
0x000000001ac3c000 	/System/Library/Frameworks/Carbon.framework/Versions/A/Frameworks/SecurityHI.framework/Versions/A/SecurityHI
0x000000010d297000 	/Library/Java/JavaVirtualMachines/jdk1.8.0_121.jdk/Contents/Home/jre/lib/libawt.dylib
0x000000010d33f000 	/Library/Java/JavaVirtualMachines/jdk1.8.0_121.jdk/Contents/Home/jre/lib/./libmlib_image.dylib
0x000000010d40b000 	/Library/Java/JavaVirtualMachines/jdk1.8.0_121.jdk/Contents/Home/jre/lib/libawt_lwawt.dylib
0x000000010d4c2000 	/Library/Java/JavaVirtualMachines/jdk1.8.0_121.jdk/Contents/Home/jre/lib/./libosxapp.dylib
0x000000001ac3c000 	/System/Library/Frameworks/ExceptionHandling.framework/Versions/A/ExceptionHandling
0x000000001ac3c000 	/System/Library/PrivateFrameworks/CoreServicesInternal.framework/Versions/A/CoreServicesInternal
0x000000001ac3c000 	/System/Library/CoreServices/RawCamera.bundle/Contents/MacOS/RawCamera
0x000000001ac3c000 	/System/Library/Frameworks/Accelerate.framework/Versions/A/Frameworks/vImage.framework/Versions/A/Libraries/libCGInterfaces.dylib
0x000000001ac3c000 	/System/Library/Frameworks/ApplicationServices.framework/Versions/A/Frameworks/ATS.framework/Versions/A/Resources/libTrueTypeScaler.dylib
0x000000010f165000 	/System/Library/Frameworks/OpenGL.framework/Resources/GLEngine.bundle/GLEngine
0x000000001ac3c000 	/System/Library/Frameworks/OpenGL.framework/Versions/A/Libraries/libGLProgrammability.dylib
0x000000010f34a000 	/System/Library/Extensions/AppleIntelHD5000GraphicsGLDriver.bundle/Contents/MacOS/AppleIntelHD5000GraphicsGLDriver
0x000000001ac3c000 	/System/Library/PrivateFrameworks/GPUSupport.framework/Versions/A/Libraries/libGPUSupportMercury.dylib
0x000000010fabc000 	/System/Library/Frameworks/OpenGL.framework/Resources//GLRendererFloat.bundle/GLRendererFloat
0x000000001ac3c000 	/System/Library/Frameworks/OpenCL.framework/Versions/A/Libraries/libcldcpuengine.dylib
0x000000001ac3c000 	/usr/lib/libcrypto.0.9.8.dylib
0x000000001ac3c000 	/System/Library/PrivateFrameworks/TrustEvaluationAgent.framework/Versions/A/TrustEvaluationAgent
0x0000000126bca000 	/System/Library/Extensions/AppleIntelHD5000GraphicsMTLDriver.bundle/Contents/MacOS/AppleIntelHD5000GraphicsMTLDriver
0x000000001ac3c000 	/System/Library/PrivateFrameworks/FamilyControls.framework/Versions/A/FamilyControls
0x000000001ac3c000 	/System/Library/PrivateFrameworks/CommerceKit.framework/Versions/A/Frameworks/CommerceCore.framework/Versions/A/CommerceCore
0x000000001ac3c000 	/System/Library/PrivateFrameworks/SystemAdministration.framework/Versions/A/SystemAdministration
0x000000001ac3c000 	/System/Library/PrivateFrameworks/AppContainer.framework/Versions/A/AppContainer
0x000000001ac3c000 	/System/Library/PrivateFrameworks/SecCodeWrapper.framework/Versions/A/SecCodeWrapper
0x000000001ac3c000 	/System/Library/Frameworks/DirectoryService.framework/Versions/A/DirectoryService
0x000000001ac3c000 	/System/Library/PrivateFrameworks/DiskImages.framework/Versions/A/DiskImages
0x000000001ac3c000 	/System/Library/PrivateFrameworks/LoginUIKit.framework/Versions/A/Frameworks/LoginUICore.framework/Versions/A/LoginUICore
0x000000001ac3c000 	/usr/lib/libCoreStorage.dylib
0x000000001ac3c000 	/usr/lib/libcsfde.dylib
0x000000001ac3c000 	/usr/lib/libodfde.dylib
0x000000001ac3c000 	/System/Library/Frameworks/DiscRecording.framework/Versions/A/DiscRecording
0x000000001ac3c000 	/usr/lib/libcurl.4.dylib
0x000000001ac3c000 	/System/Library/PrivateFrameworks/MediaKit.framework/Versions/A/MediaKit
0x000000001ac3c000 	/System/Library/PrivateFrameworks/ProtectedCloudStorage.framework/Versions/A/ProtectedCloudStorage
0x000000001ac3c000 	/System/Library/PrivateFrameworks/EFILogin.framework/Versions/A/EFILogin
0x000000001ac3c000 	/usr/lib/libutil.dylib
0x000000001ac3c000 	/System/Library/Frameworks/LDAP.framework/Versions/A/LDAP
0x000000001ac3c000 	/usr/lib/libsasl2.2.dylib
0x000000001ac3c000 	/System/Library/PrivateFrameworks/CoreDaemon.framework/Versions/B/CoreDaemon
0x000000001ac3c000 	/System/Library/PrivateFrameworks/AppleSRP.framework/Versions/A/AppleSRP
0x000000001ac3c000 	/System/Library/PrivateFrameworks/APFS.framework/Versions/A/APFS
0x0000000127fa7000 	/Library/Java/JavaVirtualMachines/jdk1.8.0_121.jdk/Contents/Home/jre/lib/libfontmanager.dylib
0x0000000128885000 	/Library/Java/JavaVirtualMachines/jdk1.8.0_121.jdk/Contents/Home/jre/lib/libosxui.dylib
0x000000001ac3c000 	/System/Library/PrivateFrameworks/ViewBridge.framework/Versions/A/ViewBridge
0x000000001ac3c000 	/System/Library/PrivateFrameworks/XPCService.framework/Versions/A/XPCService
0x000000001ac3c000 	/System/Library/PrivateFrameworks/AppSandbox.framework/Versions/A/AppSandbox
0x000000001ac3c000 	/usr/lib/libsandbox.1.dylib
0x000000001ac3c000 	/usr/lib/libMatch.1.dylib
0x000000012c11e000 	/Library/Java/JavaVirtualMachines/jdk1.8.0_121.jdk/Contents/Home/jre/lib/libnet.dylib
0x000000012bfdd000 	/Library/Java/JavaVirtualMachines/jdk1.8.0_121.jdk/Contents/Home/jre/lib/libnio.dylib

VM Arguments:
jvm_args: -Dfile.encoding=UTF-8 
java_command: tankvstank.TankVsTank
java_class_path (initial): /Users/littlelion/Desktop/TankVsTank/build/classes
Launcher Type: SUN_STANDARD

Environment Variables:
PATH=/usr/bin:/bin:/usr/sbin:/sbin
LD_LIBRARY_PATH=/Library/Java/JavaVirtualMachines/jdk1.8.0_121.jdk/Contents/Home/jre/lib/amd64:/Library/Java/JavaVirtualMachines/jdk1.8.0_121.jdk/Contents/Home/jre/lib/i386:
SHELL=/bin/bash

Signal Handlers:
SIGSEGV: [libjvm.dylib+0x5b1141], sa_mask[0]=11111111011111110111111111111111, sa_flags=SA_ONSTACK|SA_RESTART|SA_SIGINFO
SIGBUS: [libjvm.dylib+0x5b1141], sa_mask[0]=11111111011111110111111111111111, sa_flags=SA_RESTART|SA_SIGINFO
SIGFPE: [libjvm.dylib+0x487bc4], sa_mask[0]=11111111011111110111111111111111, sa_flags=SA_RESTART|SA_SIGINFO
SIGPIPE: [libjvm.dylib+0x487bc4], sa_mask[0]=11111111011111110111111111111111, sa_flags=SA_RESTART|SA_SIGINFO
SIGXFSZ: [libjvm.dylib+0x487bc4], sa_mask[0]=11111111011111110111111111111111, sa_flags=SA_RESTART|SA_SIGINFO
SIGILL: [libjvm.dylib+0x487bc4], sa_mask[0]=11111111011111110111111111111111, sa_flags=SA_RESTART|SA_SIGINFO
SIGUSR1: SIG_DFL, sa_mask[0]=00000000000000000000000000000000, sa_flags=none
SIGUSR2: [libjvm.dylib+0x4876e2], sa_mask[0]=00100000000000000000000000000000, sa_flags=SA_RESTART|SA_SIGINFO
SIGHUP: [libjvm.dylib+0x485cb9], sa_mask[0]=11111111011111110111111111111111, sa_flags=SA_RESTART|SA_SIGINFO
SIGINT: SIG_IGN, sa_mask[0]=00000000000000000000000000000000, sa_flags=none
SIGTERM: [libjvm.dylib+0x485cb9], sa_mask[0]=11111111011111110111111111111111, sa_flags=SA_RESTART|SA_SIGINFO
SIGQUIT: [libjvm.dylib+0x485cb9], sa_mask[0]=11111111011111110111111111111111, sa_flags=SA_RESTART|SA_SIGINFO


---------------  S Y S T E M  ---------------

OS:Bsduname:Darwin 16.7.0 Darwin Kernel Version 16.7.0: Thu Jan 11 22:59:40 PST 2018; root:xnu-3789.73.8~1/RELEASE_X86_64 x86_64
rlimit: STACK 8192k, CORE 0k, NPROC 709, NOFILE 10240, AS infinity
load average:3.85 3.69 5.51

CPU:total 8 (4 cores per cpu, 2 threads per core) family 6 model 70 stepping 1, cmov, cx8, fxsr, mmx, sse, sse2, sse3, ssse3, sse4.1, sse4.2, popcnt, avx, avx2, aes, clmul, erms, lzcnt, ht, tsc, tscinvbit, bmi1, bmi2

Memory: 4k page, physical 16777216k(2479096k free)

/proc/meminfo:


vm_info: Java HotSpot(TM) 64-Bit Server VM (25.121-b13) for bsd-amd64 JRE (1.8.0_121-b13), built on Dec 12 2016 20:39:32 by "java_re" with gcc 4.2.1 (Based on Apple Inc. build 5658) (LLVM build 2336.11.00)

time: Tue Apr 17 10:17:41 2018
elapsed time: 57 seconds (0d 0h 0m 57s)

